#
# A fatal error has been detected by the Java Runtime Environment:
#
#  EXCEPTION_ACCESS_VIOLATION (0xc0000005) at pc=0x00007ffa6575e312, pid=12492, tid=0x0000000000000d78
#
# JRE version: Java(TM) SE Runtime Environment (8.0_221-b11) (build 1.8.0_221-b11)
# Java VM: Java HotSpot(TM) 64-Bit Server VM (25.221-b11 mixed mode windows-amd64 compressed oops)
# Problematic frame:
# C  [ntdll.dll+0x1e312]
#
# Failed to write core dump. Minidumps are not enabled by default on client versions of Windows
#
# If you would like to submit a bug report, please visit:
#   http://bugreport.java.com/bugreport/crash.jsp
# The crash happened outside the Java Virtual Machine in native code.
# See problematic frame for where to report the bug.
#

---------------  T H R E A D  ---------------

Current thread (0x00000000189ab000):  JavaThread "Thread-2" [_thread_in_native, id=3448, stack(0x0000000000e30000,0x0000000000f30000)]

siginfo: ExceptionCode=0xc0000005, reading address 0x00007ffa58e2142c

Registers:
RAX=0x000000000000310b, RBX=0x000000000000fe56, RCX=0x000000000000c438, RDX=0x000000000000105a
RSP=0x0000000000f2dd60, RBP=0x0000000000f2e2f0, RSI=0x0000000000000000, RDI=0x00007ffa58e15000
R8 =0x00007ffa58c60000, R9 =0x0000000000000012, R10=0x00007ffa658ba4e0, R11=0x0000000000000011
R12=0x0000000000000000, R13=0x00007ffa658abd5c, R14=0x0000000000f2e390, R15=0x0000000000f2e308
RIP=0x00007ffa6575e312, EFLAGS=0x0000000000010206

Top of Stack: (sp=0x0000000000f2dd60)
0x0000000000f2dd60:   0000000000000000 0000000000000000
0x0000000000f2dd70:   00007ffa6575b3c0 0000000000f2ddf0
0x0000000000f2dd80:   00007ffa58e15000 00007ffa58c60000
0x0000000000f2dd90:   0000c438001c7000 0000000000f2e9b0
0x0000000000f2dda0:   00007ffa58c6fe56 00007ffa657aa149
0x0000000000f2ddb0:   0000000000f2e9b0 0000000000000000
0x0000000000f2ddc0:   0000000000000000 0000000000f2ddf0
0x0000000000f2ddd0:   0000000000f2ddf0 0000000000f2e310
0x0000000000f2dde0:   0000000000f2e300 0000000000000000
0x0000000000f2ddf0:   0000000002c775e0 0000000070451230
0x0000000000f2de00:   0000000002b30950 000000001734c2d0
0x0000000000f2de10:   0000000002bd9b30 00000000172395e8
0x0000000000f2de20:   00001fa00010000f 0000000070440033
0x0000000000f2de30:   00010213002b9b30 0000000002c76e84
0x0000000000f2de40:   000068018d1ce810 0000000000000000
0x0000000000f2de50:   0000000018c6c1f0 000000001fe7a2d0 

Instructions: (pc=0x00007ffa6575e312)
0x00007ffa6575e2f2:   aa 4c 8b 44 24 28 33 f6 48 f7 e1 4d 89 07 48 c1
0x00007ffa6575e302:   ea 03 85 d2 74 73 8d 42 ff 49 2b d8 48 8d 04 40
0x00007ffa6575e312:   44 8b 1c 87 4c 8d 14 87 49 3b db 73 48 44 8d 42
0x00007ffa6575e322:   fe 44 8b ce 45 85 c0 78 3c 0f 1f 44 00 00 43 8d 


Register to memory mapping:

RAX=0x000000000000310b is an unknown value
RBX=0x000000000000fe56 is an unknown value
RCX=0x000000000000c438 is an unknown value
RDX=0x000000000000105a is an unknown value
RSP=0x0000000000f2dd60 is pointing into the stack for thread: 0x00000000189ab000
RBP=0x0000000000f2e2f0 is pointing into the stack for thread: 0x00000000189ab000
RSI=0x0000000000000000 is an unknown value
RDI=0x00007ffa58e15000 is an unknown value
R8 =0x00007ffa58c60000 is an unknown value
R9 =0x0000000000000012 is an unknown value
R10=0x00007ffa658ba4e0 is an unknown value
R11=0x0000000000000011 is an unknown value
R12=0x0000000000000000 is an unknown value
R13=0x00007ffa658abd5c is an unknown value
R14=0x0000000000f2e390 is pointing into the stack for thread: 0x00000000189ab000
R15=0x0000000000f2e308 is pointing into the stack for thread: 0x00000000189ab000


Stack: [0x0000000000e30000,0x0000000000f30000],  sp=0x0000000000f2dd60,  free space=1015k
Native frames: (J=compiled Java code, j=interpreted, Vv=VM code, C=native code)
C  [ntdll.dll+0x1e312]
C  [ntdll.dll+0x6a149]
C  [ntdll.dll+0x9fe3e]
C  [ntdll.dll+0x72a6]
C  [ntdll.dll+0x1b576]
C  [ntdll.dll+0x1b3c0]
C  0x00007ffa58c6fe56

Java frames: (J=compiled Java code, j=interpreted, Vv=VM code)
j  sun.java2d.d3d.D3DSurfaceData.initOps(III)V+0
j  sun.java2d.d3d.D3DSurfaceData.<init>(Lsun/awt/windows/WComponentPeer;Lsun/java2d/d3d/D3DGraphicsConfig;IILjava/awt/Image;Ljava/awt/image/ColorModel;IILsun/java2d/pipe/hw/ExtendedBufferCapabilities$VSyncType;I)V+76
j  sun.java2d.d3d.D3DSurfaceData.createData(Lsun/awt/windows/WComponentPeer;Ljava/awt/Image;)Lsun/java2d/d3d/D3DSurfaceData;+117
j  sun.java2d.d3d.D3DVolatileSurfaceManager.initAcceleratedSurface()Lsun/java2d/SurfaceData;+59
j  sun.java2d.d3d.D3DVolatileSurfaceManager.restoreAcceleratedSurface()V+62
J 657 C1 sun.awt.image.VolatileSurfaceManager.validate(Ljava/awt/GraphicsConfiguration;)I (204 bytes) @ 0x0000000002ec6ea4 [0x0000000002ec6860+0x644]
J 656 C1 sun.awt.image.SunVolatileImage.validate(Ljava/awt/GraphicsConfiguration;)I (9 bytes) @ 0x0000000002ec644c [0x0000000002ec6340+0x10c]
j  java.awt.Component$FlipBufferStrategy.revalidate(Z)V+82
j  java.awt.Component$FlipBufferStrategy.revalidate()V+2
j  java.awt.Component$FlipBufferStrategy.getDrawGraphics()Ljava/awt/Graphics;+1
J 661 C1 Graphics.Game.render()V (155 bytes) @ 0x0000000002ec96a4 [0x0000000002ec8840+0xe64]
J 559% C2 Graphics.Game.run()V (138 bytes) @ 0x0000000002e71360 [0x0000000002e70f20+0x440]
j  java.lang.Thread.run()V+11
v  ~StubRoutines::call_stub

---------------  P R O C E S S  ---------------

Java Threads: ( => current thread )
  0x00000000189d5000 JavaThread "SIGINT handler" daemon [_thread_blocked, id=13236, stack(0x0000000018570000,0x0000000018670000)]
  0x0000000002b33800 JavaThread "DestroyJavaVM" [_thread_blocked, id=9964, stack(0x0000000002860000,0x0000000002960000)]
=>0x00000000189ab000 JavaThread "Thread-2" [_thread_in_native, id=3448, stack(0x0000000000e30000,0x0000000000f30000)]
  0x000000001fedf800 JavaThread "AWT-EventQueue-0" [_thread_blocked, id=11344, stack(0x0000000019b70000,0x0000000019c70000)]
  0x0000000018c45800 JavaThread "AWT-Shutdown" [_thread_blocked, id=10884, stack(0x0000000019340000,0x0000000019440000)]
  0x0000000018c45000 JavaThread "Java2D Disposer" daemon [_thread_blocked, id=12672, stack(0x00000000191d0000,0x00000000192d0000)]
  0x0000000018909800 JavaThread "Service Thread" daemon [_thread_blocked, id=6120, stack(0x0000000018e70000,0x0000000018f70000)]
  0x0000000018902800 JavaThread "C1 CompilerThread1" daemon [_thread_blocked, id=5928, stack(0x0000000018d70000,0x0000000018e70000)]
  0x00000000175c9800 JavaThread "C2 CompilerThread0" daemon [_thread_blocked, id=7640, stack(0x0000000018c70000,0x0000000018d70000)]
  0x000000001754a800 JavaThread "JDWP Event Helper Thread" daemon [_thread_blocked, id=11452, stack(0x0000000018670000,0x0000000018770000)]
  0x0000000017533000 JavaThread "Attach Listener" daemon [_thread_blocked, id=8316, stack(0x0000000018470000,0x0000000018570000)]
  0x0000000017530000 JavaThread "Signal Dispatcher" daemon [_thread_blocked, id=11824, stack(0x0000000018370000,0x0000000018470000)]
  0x0000000002c24000 JavaThread "Finalizer" daemon [_thread_blocked, id=6128, stack(0x0000000018160000,0x0000000018260000)]
  0x0000000002c1f000 JavaThread "Reference Handler" daemon [_thread_blocked, id=4616, stack(0x0000000018060000,0x0000000018160000)]

Other Threads:
  0x00000000174f6800 VMThread [stack: 0x0000000017f60000,0x0000000018060000] [id=8636]
  0x000000001891e800 WatcherThread [stack: 0x0000000018f70000,0x0000000019070000] [id=9056]

VM state:not at safepoint (normal execution)

VM Mutex/Monitor currently owned by a thread: None

heap address: 0x0000000081a00000, size: 2022 MB, Compressed Oops mode: 32-bit
Narrow klass base: 0x0000000000000000, Narrow klass shift: 3
Compressed class space size: 1073741824 Address: 0x0000000100000000

Heap:
 PSYoungGen      total 38400K, used 28039K [0x00000000d5e00000, 0x00000000d8880000, 0x0000000100000000)
  eden space 33280K, 84% used [0x00000000d5e00000,0x00000000d7961fa0,0x00000000d7e80000)
  from space 5120K, 0% used [0x00000000d8380000,0x00000000d8380000,0x00000000d8880000)
  to   space 5120K, 0% used [0x00000000d7e80000,0x00000000d7e80000,0x00000000d8380000)
 ParOldGen       total 87552K, used 0K [0x0000000081a00000, 0x0000000086f80000, 0x00000000d5e00000)
  object space 87552K, 0% used [0x0000000081a00000,0x0000000081a00000,0x0000000086f80000)
 Metaspace       used 10167K, capacity 10398K, committed 10496K, reserved 1058816K
  class space    used 1164K, capacity 1228K, committed 1280K, reserved 1048576K

Card table byte_map: [0x0000000011ff0000,0x00000000123f0000] byte_map_base: 0x0000000011be3000

Marking Bits: (ParMarkBitMap*) 0x0000000070bd5ce0
 Begin Bits: [0x00000000128a0000, 0x0000000014838000)
 End Bits:   [0x0000000014838000, 0x00000000167d0000)

Polling page: 0x0000000002800000

CodeCache: size=245760Kb used=2684Kb max_used=2684Kb free=243075Kb
 bounds [0x0000000002c30000, 0x0000000002ee0000, 0x0000000011c30000]
 total_blobs=1134 nmethods=665 adapters=391
 compilation: enabled

Compilation events (10 events):
Event: 189.470 Thread 0x0000000018902800  665       3       sun.java2d.SurfaceData::getTextPipe (120 bytes)
Event: 189.471 Thread 0x0000000018902800 nmethod 665 0x0000000002ecced0 code [0x0000000002ecd060, 0x0000000002ecd568]
Event: 189.471 Thread 0x0000000018902800  666       3       Entities.Player::render (65 bytes)
Event: 189.471 Thread 0x0000000018902800 nmethod 666 0x0000000002ecd690 code [0x0000000002ecd820, 0x0000000002ecde58]
Event: 189.471 Thread 0x0000000018902800  667   !   3       sun.java2d.SunGraphics2D::drawString (132 bytes)
Event: 189.471 Thread 0x0000000018902800 nmethod 667 0x0000000002ece050 code [0x0000000002ece2a0, 0x0000000002ecf1e8]
Event: 189.471 Thread 0x0000000018902800  668       3       sun.java2d.d3d.D3DSwToSurfaceScale::Scale (32 bytes)
Event: 189.472 Thread 0x0000000018902800 nmethod 668 0x0000000002ecf990 code [0x0000000002ecfb00, 0x0000000002ecfd68]
Event: 189.487 Thread 0x0000000018902800  669   !   3       sun.font.FontStrikeDesc::equals (53 bytes)
Event: 189.487 Thread 0x0000000018902800 nmethod 669 0x0000000002ecfe50 code [0x0000000002ecffe0, 0x0000000002ed03f8]

GC Heap History (0 events):
No events

Deoptimization events (3 events):
Event: 3.875 Thread 0x0000000002b33800 Uncommon trap: reason=null_check action=make_not_entrant pc=0x0000000002dd361c method=java.lang.String.equals(Ljava/lang/Object;)Z @ 8
Event: 185.202 Thread 0x00000000189ab000 Uncommon trap: reason=unstable_if action=reinterpret pc=0x0000000002e4451c method=Graphics.Game.run()V @ 59
Event: 186.188 Thread 0x00000000189ab000 Uncommon trap: reason=unstable_if action=reinterpret pc=0x0000000002e47dfc method=Graphics.Game.run()V @ 90

Classes redefined (0 events):
No events

Internal exceptions (10 events):
Event: 0.457 Thread 0x0000000002b33800 Exception <a 'java/lang/NoSuchMethodError': Method sun.misc.Unsafe.prefetchRead(Ljava/lang/Object;J)V name or signature does not match> (0x00000000d5e07fa0) thrown at [C:\re\workspace\8-2-build-windows-amd64-cygwin\jdk8u221\13320\hotspot\src\share\vm\prim
Event: 2.537 Thread 0x0000000002b33800 Exception <a 'java/security/PrivilegedActionException'> (0x00000000d60f76f0) thrown at [C:\re\workspace\8-2-build-windows-amd64-cygwin\jdk8u221\13320\hotspot\src\share\vm\prims\jvm.cpp, line 1502]
Event: 2.537 Thread 0x0000000002b33800 Exception <a 'java/security/PrivilegedActionException'> (0x00000000d60f7900) thrown at [C:\re\workspace\8-2-build-windows-amd64-cygwin\jdk8u221\13320\hotspot\src\share\vm\prims\jvm.cpp, line 1502]
Event: 2.539 Thread 0x0000000002b33800 Exception <a 'java/security/PrivilegedActionException'> (0x00000000d60fabd8) thrown at [C:\re\workspace\8-2-build-windows-amd64-cygwin\jdk8u221\13320\hotspot\src\share\vm\prims\jvm.cpp, line 1502]
Event: 2.539 Thread 0x0000000002b33800 Exception <a 'java/security/PrivilegedActionException'> (0x00000000d60fade8) thrown at [C:\re\workspace\8-2-build-windows-amd64-cygwin\jdk8u221\13320\hotspot\src\share\vm\prims\jvm.cpp, line 1502]
Event: 2.779 Thread 0x0000000002b33800 Exception <a 'java/io/FileNotFoundException'> (0x00000000d6113340) thrown at [C:\re\workspace\8-2-build-windows-amd64-cygwin\jdk8u221\13320\hotspot\src\share\vm\prims\jni.cpp, line 710]
Event: 2.977 Thread 0x0000000002b33800 Exception <a 'java/lang/NoSuchFieldError': method resolution failed> (0x00000000d634c938) thrown at [C:\re\workspace\8-2-build-windows-amd64-cygwin\jdk8u221\13320\hotspot\src\share\vm\prims\methodHandles.cpp, line 1167]
Event: 2.991 Thread 0x0000000002b33800 Exception <a 'java/lang/NoSuchFieldError': method resolution failed> (0x00000000d635b228) thrown at [C:\re\workspace\8-2-build-windows-amd64-cygwin\jdk8u221\13320\hotspot\src\share\vm\prims\methodHandles.cpp, line 1167]
Event: 3.499 Thread 0x0000000002b33800 Exception <a 'java/io/FileNotFoundException'> (0x00000000d65c8c00) thrown at [C:\re\workspace\8-2-build-windows-amd64-cygwin\jdk8u221\13320\hotspot\src\share\vm\prims\jni.cpp, line 710]
Event: 3.875 Thread 0x0000000002b33800 Implicit null exception at 0x0000000002dd339e to 0x0000000002dd360d

Events (10 events):
Event: 189.803 Thread 0x00000000189d5000 Thread added: 0x00000000189d5000
Event: 189.804 Thread 0x00000000189d5800 Thread added: 0x00000000189d5800
Event: 189.804 Thread 0x00000000189d6000 Thread added: 0x00000000189d6000
Event: 189.805 loading class sun/java2d/pipe/hw/AccelDeviceEventNotifier
Event: 189.806 loading class sun/java2d/pipe/hw/AccelDeviceEventNotifier done
Event: 189.807 Executing VM operation: RevokeBias
Event: 189.807 Executing VM operation: RevokeBias done
Event: 189.808 Thread 0x00000000189d5800 Thread exited: 0x00000000189d5800
Event: 189.821 Thread 0x000000001ff18000 Thread exited: 0x000000001ff18000
Event: 189.825 Thread 0x0000000018c4a800 Thread exited: 0x0000000018c4a800


Dynamic libraries:
0x00007ff7f3e80000 - 0x00007ff7f3eb7000 	C:\Users\Guilherme\Downloads\jdk1.8.0_221\bin\java.exe
0x00007ffa65740000 - 0x00007ffa65930000 	C:\WINDOWS\SYSTEM32\ntdll.dll
0x00007ffa654f0000 - 0x00007ffa655a2000 	C:\WINDOWS\System32\KERNEL32.DLL
0x00007ffa629e0000 - 0x00007ffa62c84000 	C:\WINDOWS\System32\KERNELBASE.dll
0x00007ffa65360000 - 0x00007ffa65403000 	C:\WINDOWS\System32\ADVAPI32.dll
0x00007ffa64ce0000 - 0x00007ffa64d7e000 	C:\WINDOWS\System32\msvcrt.dll
0x00007ffa64bd0000 - 0x00007ffa64c67000 	C:\WINDOWS\System32\sechost.dll
0x00007ffa63c50000 - 0x00007ffa63d70000 	C:\WINDOWS\System32\RPCRT4.dll
0x00007ffa64860000 - 0x00007ffa649f4000 	C:\WINDOWS\System32\USER32.dll
0x00007ffa629b0000 - 0x00007ffa629d1000 	C:\WINDOWS\System32\win32u.dll
0x00007ffa63d70000 - 0x00007ffa63d96000 	C:\WINDOWS\System32\GDI32.dll
0x00007ffa62cc0000 - 0x00007ffa62e56000 	C:\WINDOWS\System32\gdi32full.dll
0x00007ffa61e90000 - 0x00007ffa61f2e000 	C:\WINDOWS\System32\msvcp_win.dll
0x00007ffa628b0000 - 0x00007ffa629aa000 	C:\WINDOWS\System32\ucrtbase.dll
0x00007ffa56fd0000 - 0x00007ffa57254000 	C:\WINDOWS\WinSxS\amd64_microsoft.windows.common-controls_6595b64144ccf1df_6.0.18362.959_none_e6c7bbbf130c62bb\COMCTL32.dll
0x00007ffa64520000 - 0x00007ffa64855000 	C:\WINDOWS\System32\combase.dll
0x00007ffa61f30000 - 0x00007ffa61fb0000 	C:\WINDOWS\System32\bcryptPrimitives.dll
0x00007ffa63c20000 - 0x00007ffa63c4e000 	C:\WINDOWS\System32\IMM32.DLL
0x0000000070c60000 - 0x0000000070d32000 	C:\Users\Guilherme\Downloads\jdk1.8.0_221\jre\bin\msvcr100.dll
0x00000000703b0000 - 0x0000000070c55000 	C:\Users\Guilherme\Downloads\jdk1.8.0_221\jre\bin\server\jvm.dll
0x00007ffa62e60000 - 0x00007ffa62e68000 	C:\WINDOWS\System32\PSAPI.DLL
0x00007ffa50db0000 - 0x00007ffa50db9000 	C:\WINDOWS\SYSTEM32\WSOCK32.dll
0x00007ffa64ab0000 - 0x00007ffa64b1f000 	C:\WINDOWS\System32\WS2_32.dll
0x00007ffa5fdd0000 - 0x00007ffa5fdf4000 	C:\WINDOWS\SYSTEM32\WINMM.dll
0x00007ffa5bac0000 - 0x00007ffa5baca000 	C:\WINDOWS\SYSTEM32\VERSION.dll
0x00007ffa5fda0000 - 0x00007ffa5fdcd000 	C:\WINDOWS\SYSTEM32\WINMMBASE.dll
0x00007ffa61e40000 - 0x00007ffa61e8a000 	C:\WINDOWS\System32\cfgmgr32.dll
0x00007ffa45340000 - 0x00007ffa4534f000 	C:\Users\Guilherme\Downloads\jdk1.8.0_221\jre\bin\verify.dll
0x00007ffa41df0000 - 0x00007ffa41e19000 	C:\Users\Guilherme\Downloads\jdk1.8.0_221\jre\bin\java.dll
0x00007ffa43fb0000 - 0x00007ffa43fe5000 	C:\Users\Guilherme\Downloads\jdk1.8.0_221\jre\bin\jdwp.dll
0x00007ffa462e0000 - 0x00007ffa462e8000 	C:\Users\Guilherme\Downloads\jdk1.8.0_221\jre\bin\npt.dll
0x00007ffa3e470000 - 0x00007ffa3e493000 	C:\Users\Guilherme\Downloads\jdk1.8.0_221\jre\bin\instrument.dll
0x00007ffa434c0000 - 0x00007ffa434d6000 	C:\Users\Guilherme\Downloads\jdk1.8.0_221\jre\bin\zip.dll
0x00007ffa634b0000 - 0x00007ffa63b96000 	C:\WINDOWS\System32\SHELL32.dll
0x00007ffa64b20000 - 0x00007ffa64bc9000 	C:\WINDOWS\System32\shcore.dll
0x00007ffa61fb0000 - 0x00007ffa62732000 	C:\WINDOWS\System32\windows.storage.dll
0x00007ffa61d00000 - 0x00007ffa61d23000 	C:\WINDOWS\System32\profapi.dll
0x00007ffa61cb0000 - 0x00007ffa61cfa000 	C:\WINDOWS\System32\powrprof.dll
0x00007ffa61c60000 - 0x00007ffa61c70000 	C:\WINDOWS\System32\UMPDC.dll
0x00007ffa63440000 - 0x00007ffa63492000 	C:\WINDOWS\System32\shlwapi.dll
0x00007ffa61c70000 - 0x00007ffa61c81000 	C:\WINDOWS\System32\kernel.appcore.dll
0x00007ffa62890000 - 0x00007ffa628a7000 	C:\WINDOWS\System32\cryptsp.dll
0x00007ffa462d0000 - 0x00007ffa462d9000 	C:\Users\Guilherme\Downloads\jdk1.8.0_221\jre\bin\dt_socket.dll
0x00007ffa614d0000 - 0x00007ffa61537000 	C:\WINDOWS\system32\mswsock.dll
0x00007ffa0b9f0000 - 0x00007ffa0bb89000 	C:\Users\Guilherme\Downloads\jdk1.8.0_221\jre\bin\awt.dll
0x00007ffa65420000 - 0x00007ffa654e5000 	C:\WINDOWS\System32\OLEAUT32.dll
0x00007ffa5fed0000 - 0x00007ffa5ff5f000 	C:\WINDOWS\SYSTEM32\apphelp.dll
0x00007ffa600c0000 - 0x00007ffa600ed000 	C:\WINDOWS\system32\DWMAPI.DLL
0x00007ffa5ffb0000 - 0x00007ffa60049000 	C:\WINDOWS\system32\uxtheme.dll
0x00007ffa37ec0000 - 0x00007ffa38016000 	C:\WINDOWS\system32\opengl32.dll
0x00007ffa382c0000 - 0x00007ffa382ec000 	C:\WINDOWS\SYSTEM32\GLU32.dll
0x00007ffa608d0000 - 0x00007ffa608f0000 	C:\WINDOWS\SYSTEM32\dxcore.dll
0x00007ffa63300000 - 0x00007ffa63435000 	C:\WINDOWS\System32\MSCTF.dll
0x00007ffa63da0000 - 0x00007ffa63ef7000 	C:\WINDOWS\System32\ole32.dll
0x00007ffa61040000 - 0x00007ffa61073000 	C:\WINDOWS\system32\rsaenh.dll
0x00007ffa62c90000 - 0x00007ffa62cb6000 	C:\WINDOWS\System32\bcrypt.dll
0x00007ffa616a0000 - 0x00007ffa616ac000 	C:\WINDOWS\SYSTEM32\CRYPTBASE.dll
0x00007ffa319e0000 - 0x00007ffa31a29000 	C:\Users\Guilherme\Downloads\jdk1.8.0_221\jre\bin\fontmanager.dll
0x00007ffa55780000 - 0x00007ffa5581e000 	C:\WINDOWS\System32\TextInputFramework.dll
0x00007ffa5f6a0000 - 0x00007ffa5f774000 	C:\WINDOWS\System32\CoreMessaging.dll
0x00007ffa5d960000 - 0x00007ffa5dc8a000 	C:\WINDOWS\System32\CoreUIComponents.dll
0x00007ffa5d800000 - 0x00007ffa5d953000 	C:\WINDOWS\SYSTEM32\wintypes.dll
0x00007ffa60cc0000 - 0x00007ffa60cf1000 	C:\WINDOWS\SYSTEM32\ntmarta.dll
0x00007ffa62e70000 - 0x00007ffa63116000 	C:\WINDOWS\System32\iertutil.dll
0x00007ffa64a00000 - 0x00007ffa64aa2000 	C:\WINDOWS\System32\clbcatq.dll
0x00007ffa41c00000 - 0x00007ffa41c1a000 	C:\Users\Guilherme\Downloads\jdk1.8.0_221\jre\bin\net.dll
0x00007ffa63120000 - 0x00007ffa632f6000 	C:\WINDOWS\System32\urlmon.dll
0x00007ffa41620000 - 0x00007ffa41632000 	C:\Users\Guilherme\Downloads\jdk1.8.0_221\jre\bin\nio.dll
0x00007ffa35780000 - 0x00007ffa357c2000 	C:\Users\Guilherme\Downloads\jdk1.8.0_221\jre\bin\t2k.dll
0x00007ffa4f5c0000 - 0x00007ffa4f7b4000 	C:\WINDOWS\SYSTEM32\dbghelp.dll

VM Arguments:
jvm_args: -agentlib:jdwp=transport=dt_socket,address=127.0.0.1:60494,suspend=y,server=n -javaagent:C:\Users\Guilherme\AppData\Local\JetBrains\Toolbox\apps\IDEA-C\ch-0\201.6668.121\plugins\java\lib\rt\debugger-agent.jar -Dfile.encoding=UTF-8 
java_command: Graphics.Game
java_class_path (initial): C:\Users\Guilherme\Downloads\jdk1.8.0_221\jre\lib\charsets.jar;C:\Users\Guilherme\Downloads\jdk1.8.0_221\jre\lib\deploy.jar;C:\Users\Guilherme\Downloads\jdk1.8.0_221\jre\lib\ext\access-bridge-64.jar;C:\Users\Guilherme\Downloads\jdk1.8.0_221\jre\lib\ext\cldrdata.jar;C:\Users\Guilherme\Downloads\jdk1.8.0_221\jre\lib\ext\dnsns.jar;C:\Users\Guilherme\Downloads\jdk1.8.0_221\jre\lib\ext\jaccess.jar;C:\Users\Guilherme\Downloads\jdk1.8.0_221\jre\lib\ext\jfxrt.jar;C:\Users\Guilherme\Downloads\jdk1.8.0_221\jre\lib\ext\localedata.jar;C:\Users\Guilherme\Downloads\jdk1.8.0_221\jre\lib\ext\nashorn.jar;C:\Users\Guilherme\Downloads\jdk1.8.0_221\jre\lib\ext\sunec.jar;C:\Users\Guilherme\Downloads\jdk1.8.0_221\jre\lib\ext\sunjce_provider.jar;C:\Users\Guilherme\Downloads\jdk1.8.0_221\jre\lib\ext\sunmscapi.jar;C:\Users\Guilherme\Downloads\jdk1.8.0_221\jre\lib\ext\sunpkcs11.jar;C:\Users\Guilherme\Downloads\jdk1.8.0_221\jre\lib\ext\zipfs.jar;C:\Users\Guilherme\Downloads\jdk1.8.0_221\jre\lib\javaws.jar;C:\Users\Guilherme\Downloads\jdk1.8.0_221\jre\lib\jce.jar;C:\Users\Guilherme\Downloads\jdk1.8.0_221\jre\lib\jfr.jar;C:\Users\Guilherme\Downloads\jdk1.8.0_221\jre\lib\jfxswt.jar;C:\Users\Guilherme\Downloads\jdk1.8.0_221\jre\lib\jsse.jar;C:\Users\Guilherme\Downloads\jdk1.8.0_221\jre\lib\management-agent.jar;C:\Users\Guilherme\Downloads\jdk1.8.0_221\jre\lib\plugin.jar;C:\Users\Guilherme\Downloads\jdk1.8.0_221\jre\lib\resources.jar;C:\Users\Guilherme\Downloads\jdk1.8.0_221\jre\lib\rt.jar;C:\Users\Guilherme\Documents\GameEngineProject\target\classes;C:\Users\Guilherme\AppData\Local\JetBrains\Toolbox\apps\IDEA-C\ch-0\201.6668.121\lib\idea_rt.jar;C:\Users\Guilherme\AppData\Local\JetBrains\Toolbox\apps\IDEA-C\ch-0\201.6668.121\plugins\java\lib\rt\debugger-agent.jar
Launcher Type: SUN_STANDARD

Environment Variables:
JAVA_HOME=C:\Program Files\Java\jdk1.8.0_221
PATH=C:\Program Files\Common Files\Microsoft Shared\Windows Live;C:\Program Files (x86)\Common Files\Oracle\Java\javapath;C:\WINDOWS\system32;C:\WINDOWS;C:\WINDOWS\System32\Wbem;C:\WINDOWS\System32\WindowsPowerShell\v1.0\;C:\Program Files\Git\cmd;C:\Program Files\Maven\apache-maven-3.6.3\bin;C:\WINDOWS\System32\OpenSSH\;C:\Program Files\Common Files\Microsoft Shared\Windows Live;C:\Program Files\Maven\apache-maven-3.6.3\bin;C:\Users\Guilherme\AppData\Local\Microsoft\WindowsApps;
USERNAME=Guilherme
OS=Windows_NT
PROCESSOR_IDENTIFIER=Intel64 Family 6 Model 60 Stepping 3, GenuineIntel



---------------  S Y S T E M  ---------------

OS: Windows 10.0 , 64 bit Build 18362 (10.0.18362.959)

CPU:total 2 (initial active 2) (2 cores per cpu, 1 threads per core) family 6 model 60 stepping 3, cmov, cx8, fxsr, mmx, sse, sse2, sse3, ssse3, sse4.1, sse4.2, popcnt, clmul, erms, lzcnt, tsc, tscinvbit

Memory: 4k page, physical 8276624k(2435896k free), swap 16665232k(8259308k free)

vm_info: Java HotSpot(TM) 64-Bit Server VM (25.221-b11) for windows-amd64 JRE (1.8.0_221-b11), built on Jul  4 2019 04:39:29 by "java_re" with MS VC++ 10.0 (VS2010)

time: Sat Aug 01 19:45:17 2020
timezone: Hora oficial do Brasil
elapsed time: 190 seconds (0d 0h 3m 10s)

